09/06/2022 19:52:48 [main] INFO  com.sleek.page.SleekpricePage-Pricing Actual price link is clicked
09/06/2022 19:52:49 [main] INFO  commonUtils.GenericUtility-Current URL: https://sleek.com/sg/all-services/
09/06/2022 19:52:49 [main] INFO  com.sleek.page.SleekpricePage-https://sleek.com/sg/all-services/Actual url
09/06/2022 19:53:09 [main] INFO  com.sleek.page.SleekpricePage-2 ShareholdersnoShareHolder is matched
09/06/2022 19:53:09 [main] INFO  com.sleek.page.SleekpricePage-S$360/yearprice range is matched
09/06/2022 19:53:30 [main] INFO  com.sleek.page.SleekpricePage-Pricing Actual price link is clicked
09/06/2022 19:53:31 [main] INFO  commonUtils.GenericUtility-Current URL: https://sleek.com/sg/all-services/
09/06/2022 19:53:31 [main] INFO  com.sleek.page.SleekpricePage-https://sleek.com/sg/all-services/Actual url
09/06/2022 19:53:52 [main] INFO  com.sleek.page.SleekpricePage-6 - 9 ShareholdersnoShareHolder is matched
09/06/2022 19:53:52 [main] INFO  com.sleek.page.SleekpricePage-S$540/yearprice range is matched
09/06/2022 19:54:09 [main] INFO  com.sleek.page.SleekpricePage-Pricing Actual price link is clicked
09/06/2022 19:54:11 [main] INFO  commonUtils.GenericUtility-Current URL: https://sleek.com/sg/all-services/
09/06/2022 19:54:11 [main] INFO  com.sleek.page.SleekpricePage-https://sleek.com/sg/all-services/Actual url
09/06/2022 19:54:31 [main] INFO  com.sleek.page.SleekpricePage-> 30 ShareholdersnoShareHolder is matched
09/06/2022 20:01:28 [main] INFO  com.sleek.page.SleekpricePage-Pricing Actual price link is clicked
09/06/2022 20:01:31 [main] INFO  commonUtils.GenericUtility-Current URL: https://sleek.com/sg/all-services/
09/06/2022 20:01:31 [main] INFO  com.sleek.page.SleekpricePage-https://sleek.com/sg/all-services/Actual url
09/06/2022 20:01:49 [main] INFO  com.sleek.page.SleekpricePage-2 ShareholdersnoShareHolder is matched
09/06/2022 20:01:49 [main] INFO  com.sleek.page.SleekpricePage-S$360/yearprice range is matched
09/06/2022 20:02:11 [main] INFO  com.sleek.page.SleekpricePage-Pricing Actual price link is clicked
09/06/2022 20:02:13 [main] INFO  commonUtils.GenericUtility-Current URL: https://sleek.com/sg/all-services/
09/06/2022 20:02:13 [main] INFO  com.sleek.page.SleekpricePage-https://sleek.com/sg/all-services/Actual url
09/06/2022 20:02:36 [main] INFO  com.sleek.page.SleekpricePage-6 - 9 ShareholdersnoShareHolder is matched
09/06/2022 20:02:36 [main] INFO  com.sleek.page.SleekpricePage-S$540/yearprice range is matched
09/06/2022 20:02:55 [main] INFO  com.sleek.page.SleekpricePage-Pricing Actual price link is clicked
09/06/2022 20:02:58 [main] INFO  commonUtils.GenericUtility-Current URL: https://sleek.com/sg/all-services/
09/06/2022 20:02:58 [main] INFO  com.sleek.page.SleekpricePage-https://sleek.com/sg/all-services/Actual url
09/06/2022 20:03:22 [main] INFO  com.sleek.page.SleekpricePage-> 30 ShareholdersnoShareHolder is matched
09/06/2022 20:03:22 [main] INFO  com.sleek.page.SleekpricePage-S$1,140/yearprice range is matched
09/06/2022 20:16:28 [main] INFO  com.sleek.page.SleekpricePage-Pricing Actual price link is clicked
09/06/2022 20:16:30 [main] INFO  commonUtils.GenericUtility-Current URL: https://sleek.com/sg/all-services/
09/06/2022 20:16:30 [main] INFO  com.sleek.page.SleekpricePage-https://sleek.com/sg/all-services/Actual url
09/06/2022 20:16:53 [main] INFO  com.sleek.page.SleekpricePage-2 ShareholdersnoShareHolder is matched
09/06/2022 20:16:53 [main] INFO  com.sleek.page.SleekpricePage-S$360/yearprice range is matched
09/06/2022 20:17:11 [main] INFO  com.sleek.page.SleekpricePage-Pricing Actual price link is clicked
09/06/2022 20:17:12 [main] INFO  commonUtils.GenericUtility-Current URL: https://sleek.com/sg/all-services/
09/06/2022 20:17:12 [main] INFO  com.sleek.page.SleekpricePage-https://sleek.com/sg/all-services/Actual url
09/06/2022 20:17:34 [main] INFO  com.sleek.page.SleekpricePage-6 - 9 ShareholdersnoShareHolder is matched
09/06/2022 20:17:34 [main] INFO  com.sleek.page.SleekpricePage-S$540/yearprice range is matched
09/06/2022 20:17:52 [main] INFO  com.sleek.page.SleekpricePage-Pricing Actual price link is clicked
09/06/2022 20:17:55 [main] INFO  commonUtils.GenericUtility-Current URL: https://sleek.com/sg/all-services/
09/06/2022 20:17:55 [main] INFO  com.sleek.page.SleekpricePage-https://sleek.com/sg/all-services/Actual url
09/06/2022 20:18:22 [main] INFO  com.sleek.page.SleekpricePage-> 30 ShareholdersnoShareHolder is matched
09/06/2022 20:18:22 [main] INFO  com.sleek.page.SleekpricePage-S$1,140/yearprice range is matched
